Current Process:  ('/home/brandon/casadi/debug/all_ccp_compare', None, 1.0, 10, 0.1, 10, True, '0.5m', False)
Importing Initial Conditions...
Importing Knot File:  /home/brandon/casadi/ccp_paths/0.5m58.85910500081262.csv
Path Duration:  784.5060109742212
Enforcing Convex Hull Obstacle...
Solving OCP...

******************************************************************************
This program contains Ipopt, a library for large-scale nonlinear optimization.
 Ipopt is released as open source code under the Eclipse Public License (EPL).
         For more information visit https://github.com/coin-or/Ipopt
******************************************************************************

Saving Solution:  /home/brandon/casadi/debug/all_ccp_compare/0.5m
Current Process:  ('/home/brandon/casadi/debug/all_ccp', None, 1.0, 10, 0.1, 10, True, '0.5m', False)
Importing Initial Conditions...
Importing Knot File:  /home/brandon/casadi/ccp_paths/0.5m58.85910500081262.csv
Path Duration:  784.5060109742212
Enforcing Convex Hull Obstacle...
Current Process:  ('/home/brandon/casadi/debug/all_ccp', None, 1.0, 10, 0.1, 10, True, '0.5m', False)
Importing Initial Conditions...
Importing Knot File:  /home/brandon/casadi/ccp_paths/0.5m58.85910500081262.csv
Path Duration:  784.5060109742212
Enforcing Convex Hull Obstacle...
Current Process:  ('/home/brandon/casadi/debug/all_ccp', None, 1.0, 10, 0.1, 10, True, '0.5m', False)
Importing Initial Conditions...
Importing Knot File:  /home/brandon/casadi/ccp_paths/0.5m58.85910500081262.csv
Path Duration:  784.5060109742212
Enforcing Convex Hull Obstacle...
Solving OCP...

******************************************************************************
This program contains Ipopt, a library for large-scale nonlinear optimization.
 Ipopt is released as open source code under the Eclipse Public License (EPL).
         For more information visit https://github.com/coin-or/Ipopt
******************************************************************************

Saving Solution:  /home/brandon/casadi/debug/all_ccp/0.5m
